<?xml version="1.0" encoding="UTF-8"?>
<!-- Generated by org.testng.reporters.JUnitXMLReporter -->
<testsuite ignored="0" hostname="Myths-PC" failures="1" tests="2" name="Test" time="21.8" errors="0" timestamp="2024-10-21T00:54:03 IST">
  <testcase classname="testCases.TC01_AccountRegistrationTest" name="verify_account_registration" time="1.398"/>
  <testcase classname="testCases.TC02_SingleLoginTest" name="login_test" time="10.818">
    <failure type="java.lang.AssertionError" message="expected [true] but found [false]">
      <![CDATA[java.lang.AssertionError: expected [true] but found [false]
at testCases.TC02_SingleLoginTest.login_test(TC02_SingleLoginTest.java:31)
at java.base/java.util.ArrayList.forEach(ArrayList.java:1597)
... Removed 29 stack frames]]>
    </failure>
  </testcase> <!-- login_test -->
</testsuite> <!-- Test -->
